Base path: C:/Program Files (x86)/Unity/Editor/Data
Pipe name: \\.\pipe\UnityShaderCompiler-2-16020
Cmd: getPlatforms
Cmd: compileSnippet
  api=1 type=0 insize=4871 outsize=595 kw=DIRECTIONAL SHADOWS_OFF LIGHTMAP_OFF DIRLIGHTMAP_OFF ok=1
Cmd: compileSnippet
  api=8 type=0 insize=4871 outsize=4380 kw=DIRECTIONAL SHADOWS_SCREEN LIGHTMAP_OFF DIRLIGHTMAP_OFF ok=1
Cmd: compileSnippet
  api=0 type=0 insize=4871 outsize=1693 kw=DIRECTIONAL SHADOWS_SCREEN LIGHTMAP_OFF DIRLIGHTMAP_OFF VERTEXLIGHT_ON ok=1
Cmd: compileSnippet
  api=0 type=1 insize=4871 outsize=314 kw=DIRECTIONAL SHADOWS_OFF LIGHTMAP_ON DIRLIGHTMAP_OFF ok=1
Cmd: compileSnippet
  api=1 type=0 insize=2847 outsize=402 kw=SPOT ok=1
Cmd: compileSnippet
  api=4 type=0 insize=2847 outsize=2875 kw=POINT_COOKIE ok=1
Cmd: compileSnippet
  api=8 type=0 insize=2847 outsize=3632 kw=DIRECTIONAL_COOKIE ok=1
Cmd: compileSnippet
  api=8 type=1 insize=2847 outsize=2040 kw=DIRECTIONAL ok=1
Cmd: compileSnippet
  api=0 type=1 insize=2847 outsize=496 kw=DIRECTIONAL_COOKIE ok=1
Unhandled exception: Readfile from pipe failed. GLE=Ha terminado la canalización.


Quitting shader compiler process
