Base path: C:/Program Files (x86)/Unity/Editor/Data
Pipe name: \\.\pipe\UnityShaderCompiler-5-8156
Cmd: getPlatforms
Cmd: compileSnippet
  api=0 type=0 insize=4871 outsize=436 kw=DIRECTIONAL SHADOWS_OFF LIGHTMAP_ON DIRLIGHTMAP_OFF ok=1
Cmd: compileSnippet
  api=0 type=0 insize=4871 outsize=1566 kw=DIRECTIONAL SHADOWS_OFF LIGHTMAP_OFF DIRLIGHTMAP_OFF VERTEXLIGHT_ON ok=1
Cmd: compileSnippet
  api=0 type=1 insize=4871 outsize=445 kw=DIRECTIONAL SHADOWS_OFF LIGHTMAP_OFF DIRLIGHTMAP_OFF ok=1
Cmd: compileSnippet
  api=4 type=1 insize=4871 outsize=1672 kw=DIRECTIONAL SHADOWS_SCREEN LIGHTMAP_ON DIRLIGHTMAP_OFF ok=1
Cmd: compileSnippet
  api=8 type=0 insize=2847 outsize=4128 kw=POINT ok=1
Cmd: compileSnippet
  api=1 type=0 insize=2847 outsize=359 kw=DIRECTIONAL_COOKIE ok=1
Cmd: compileSnippet
  api=1 type=1 insize=2847 outsize=538 kw=POINT ok=1
Cmd: compileSnippet
  api=0 type=1 insize=2847 outsize=734 kw=POINT_COOKIE ok=1
Cmd: compileSnippet
  api=4 type=1 insize=2847 outsize=1599 kw=DIRECTIONAL_COOKIE ok=1
Unhandled exception: Readfile from pipe failed. GLE=Ha terminado la canalización.


Quitting shader compiler process
